{"total": {"lines":{"total":60,"covered":58,"skipped":0,"pct":96.67},"statements":{"total":68,"covered":66,"skipped":0,"pct":97.06},"functions":{"total":31,"covered":30,"skipped":0,"pct":96.77},"branches":{"total":20,"covered":11,"skipped":0,"pct":55}}
,"/home/dodain/workspace/ts-2021/eg-rapidos-y-objetosos-ts/src/pilotos.ts": {"lines":{"total":19,"covered":19,"skipped":0,"pct":100},"functions":{"total":10,"covered":10,"skipped":0,"pct":100},"statements":{"total":24,"covered":24,"skipped":0,"pct":100},"branches":{"total":7,"covered":3,"skipped":0,"pct":42.86}}
,"/home/dodain/workspace/ts-2021/eg-rapidos-y-objetosos-ts/src/version01/pilotos.ts": {"lines":{"total":12,"covered":10,"skipped":0,"pct":83.33},"functions":{"total":5,"covered":4,"skipped":0,"pct":80},"statements":{"total":12,"covered":10,"skipped":0,"pct":83.33},"branches":{"total":2,"covered":2,"skipped":0,"pct":100}}
,"/home/dodain/workspace/ts-2021/eg-rapidos-y-objetosos-ts/src/version02/pilotos.ts": {"lines":{"total":11,"covered":11,"skipped":0,"pct":100},"functions":{"total":6,"covered":6,"skipped":0,"pct":100},"statements":{"total":12,"covered":12,"skipped":0,"pct":100},"branches":{"total":4,"covered":2,"skipped":0,"pct":50}}
,"/home/dodain/workspace/ts-2021/eg-rapidos-y-objetosos-ts/src/version03/pilotos.ts": {"lines":{"total":18,"covered":18,"skipped":0,"pct":100},"functions":{"total":10,"covered":10,"skipped":0,"pct":100},"statements":{"total":20,"covered":20,"skipped":0,"pct":100},"branches":{"total":7,"covered":4,"skipped":0,"pct":57.14}}
}
