TN:
SF:src/pilotos.ts
FN:1,(anonymous_0)
FN:4,(anonymous_1)
FN:9,(anonymous_2)
FN:10,(anonymous_3)
FN:17,(anonymous_4)
FN:18,(anonymous_5)
FN:23,(anonymous_6)
FN:27,(anonymous_7)
FN:31,(anonymous_8)
FN:33,(anonymous_9)
FNF:10
FNH:10
FNDA:4,(anonymous_0)
FNDA:4,(anonymous_1)
FNDA:1,(anonymous_2)
FNDA:1,(anonymous_3)
FNDA:1,(anonymous_4)
FNDA:1,(anonymous_5)
FNDA:2,(anonymous_6)
FNDA:2,(anonymous_7)
FNDA:4,(anonymous_8)
FNDA:2,(anonymous_9)
DA:1,1
DA:2,4
DA:5,4
DA:9,1
DA:10,1
DA:11,1
DA:15,1
DA:17,1
DA:18,1
DA:19,1
DA:23,1
DA:24,2
DA:27,1
DA:28,2
DA:30,1
DA:31,4
DA:34,2
DA:38,1
DA:39,1
LF:19
LH:19
BRDA:9,0,0,0
BRDA:17,1,0,0
BRDA:28,2,0,1
BRDA:28,2,1,1
BRDA:31,3,0,0
BRDA:31,4,0,0
BRDA:31,5,0,4
BRF:7
BRH:3
end_of_record
TN:
SF:src/version01/pilotos.ts
FN:1,(anonymous_0)
FN:4,(anonymous_1)
FN:9,(anonymous_2)
FN:18,(anonymous_3)
FN:22,(anonymous_4)
FNF:5
FNH:4
FNDA:2,(anonymous_0)
FNDA:2,(anonymous_1)
FNDA:0,(anonymous_2)
FNDA:2,(anonymous_3)
FNDA:2,(anonymous_4)
DA:1,1
DA:2,2
DA:5,2
DA:9,1
DA:10,0
DA:11,0
DA:14,1
DA:15,1
DA:19,2
DA:23,2
DA:24,2
DA:28,1
LF:12
LH:10
BRDA:24,0,0,1
BRDA:24,0,1,1
BRF:2
BRH:2
end_of_record
TN:
SF:src/version02/pilotos.ts
FN:1,(anonymous_0)
FN:4,(anonymous_1)
FN:10,(anonymous_2)
FN:12,(anonymous_3)
FN:21,(anonymous_4)
FN:25,(anonymous_5)
FNF:6
FNH:6
FNDA:2,(anonymous_0)
FNDA:2,(anonymous_1)
FNDA:2,(anonymous_2)
FNDA:2,(anonymous_3)
FNDA:2,(anonymous_4)
FNDA:2,(anonymous_5)
DA:1,1
DA:2,2
DA:5,2
DA:9,1
DA:10,2
DA:13,2
DA:17,1
DA:18,1
DA:22,2
DA:26,2
DA:30,1
LF:11
LH:11
BRDA:10,0,0,0
BRDA:10,1,0,0
BRDA:26,2,0,1
BRDA:26,2,1,1
BRF:4
BRH:2
end_of_record
TN:
SF:src/version03/pilotos.ts
FN:1,(anonymous_0)
FN:4,(anonymous_1)
FN:14,(anonymous_2)
FN:18,(anonymous_3)
FN:24,(anonymous_4)
FN:26,(anonymous_5)
FN:34,(anonymous_6)
FN:36,(anonymous_7)
FN:43,(anonymous_8)
FN:45,(anonymous_9)
FNF:10
FNH:10
FNDA:5,(anonymous_0)
FNDA:5,(anonymous_1)
FNDA:2,(anonymous_2)
FNDA:2,(anonymous_3)
FNDA:1,(anonymous_4)
FNDA:1,(anonymous_5)
FNDA:1,(anonymous_6)
FNDA:1,(anonymous_7)
FNDA:5,(anonymous_8)
FNDA:2,(anonymous_9)
DA:1,1
DA:2,5
DA:5,5
DA:15,2
DA:19,2
DA:23,1
DA:24,1
DA:27,1
DA:31,1
DA:33,1
DA:34,1
DA:37,1
DA:41,1
DA:42,1
DA:43,5
DA:46,2
DA:50,1
DA:51,1
LF:18
LH:18
BRDA:19,0,0,1
BRDA:19,0,1,1
BRDA:24,1,0,0
BRDA:34,2,0,0
BRDA:43,3,0,0
BRDA:43,4,0,1
BRDA:43,5,0,4
BRF:7
BRH:4
end_of_record
